<?xml version="1.0" encoding="UTF-8" ?>
<testsuite tests="13" failures="0" name="co.unicauca.tallerPolimorfismo.modelo.ViajeTest" time="0.021" errors="13" skipped="0">
  <properties>
[...]
</properties>
  <testcase classname="co.unicauca.tallerPolimorfismo.modelo.ViajeTest" name="testGetFechaLlegada" time="0.012">
    <error message="Cannot invoke &quot;co.unicauca.tallerPolimorfismo.modelo.Viaje.getFechaLlegada()&quot; because &quot;instance&quot; is null" type="java.lang.NullPointerException">java.lang.NullPointerException: Cannot invoke &quot;co.unicauca.tallerPolimorfismo.modelo.Viaje.getFechaLlegada()&quot; because &quot;instance&quot; is null
	at co.unicauca.tallerPolimorfismo.modelo.ViajeTest.testGetFechaLlegada(ViajeTest.java:137)
</error>
    <system-out>getFechaLlegada
</system-out>
  </testcase>
  <testcase classname="co.unicauca.tallerPolimorfismo.modelo.ViajeTest" name="testGetOrigen" time="0">
    <error message="Cannot invoke &quot;co.unicauca.tallerPolimorfismo.modelo.Viaje.getOrigen()&quot; because &quot;instance&quot; is null" type="java.lang.NullPointerException">java.lang.NullPointerException: Cannot invoke &quot;co.unicauca.tallerPolimorfismo.modelo.Viaje.getOrigen()&quot; because &quot;instance&quot; is null
	at co.unicauca.tallerPolimorfismo.modelo.ViajeTest.testGetOrigen(ViajeTest.java:37)
</error>
    <system-out>getOrigen
</system-out>
  </testcase>
  <testcase classname="co.unicauca.tallerPolimorfismo.modelo.ViajeTest" name="testGetFechaSalida" time="0">
    <error message="Cannot invoke &quot;co.unicauca.tallerPolimorfismo.modelo.Viaje.getFechaSalida()&quot; because &quot;instance&quot; is null" type="java.lang.NullPointerException">java.lang.NullPointerException: Cannot invoke &quot;co.unicauca.tallerPolimorfismo.modelo.Viaje.getFechaSalida()&quot; because &quot;instance&quot; is null
	at co.unicauca.tallerPolimorfismo.modelo.ViajeTest.testGetFechaSalida(ViajeTest.java:112)
</error>
    <system-out>getFechaSalida
</system-out>
  </testcase>
  <testcase classname="co.unicauca.tallerPolimorfismo.modelo.ViajeTest" name="testSetFechaSalida" time="0">
    <error message="Cannot invoke &quot;co.unicauca.tallerPolimorfismo.modelo.Viaje.setFechaSalida(java.util.Date)&quot; because &quot;instance&quot; is null" type="java.lang.NullPointerException">java.lang.NullPointerException: Cannot invoke &quot;co.unicauca.tallerPolimorfismo.modelo.Viaje.setFechaSalida(java.util.Date)&quot; because &quot;instance&quot; is null
	at co.unicauca.tallerPolimorfismo.modelo.ViajeTest.testSetFechaSalida(ViajeTest.java:125)
</error>
    <system-out>setFechaSalida
</system-out>
  </testcase>
  <testcase classname="co.unicauca.tallerPolimorfismo.modelo.ViajeTest" name="testGetDestino" time="0.001">
    <error message="Cannot invoke &quot;co.unicauca.tallerPolimorfismo.modelo.Viaje.getDestino()&quot; because &quot;instance&quot; is null" type="java.lang.NullPointerException">java.lang.NullPointerException: Cannot invoke &quot;co.unicauca.tallerPolimorfismo.modelo.Viaje.getDestino()&quot; because &quot;instance&quot; is null
	at co.unicauca.tallerPolimorfismo.modelo.ViajeTest.testGetDestino(ViajeTest.java:62)
</error>
    <system-out>getDestino
</system-out>
  </testcase>
  <testcase classname="co.unicauca.tallerPolimorfismo.modelo.ViajeTest" name="testDescripcion" time="0.001">
    <error message="Cannot invoke &quot;co.unicauca.tallerPolimorfismo.modelo.Viaje.descripcion()&quot; because &quot;instance&quot; is null" type="java.lang.NullPointerException">java.lang.NullPointerException: Cannot invoke &quot;co.unicauca.tallerPolimorfismo.modelo.Viaje.descripcion()&quot; because &quot;instance&quot; is null
	at co.unicauca.tallerPolimorfismo.modelo.ViajeTest.testDescripcion(ViajeTest.java:162)
</error>
    <system-out>descripcion
</system-out>
  </testcase>
  <testcase classname="co.unicauca.tallerPolimorfismo.modelo.ViajeTest" name="testGetCosto" time="0.001">
    <error message="Cannot invoke &quot;co.unicauca.tallerPolimorfismo.modelo.Viaje.getCosto()&quot; because &quot;instance&quot; is null" type="java.lang.NullPointerException">java.lang.NullPointerException: Cannot invoke &quot;co.unicauca.tallerPolimorfismo.modelo.Viaje.getCosto()&quot; because &quot;instance&quot; is null
	at co.unicauca.tallerPolimorfismo.modelo.ViajeTest.testGetCosto(ViajeTest.java:87)
</error>
    <system-out>getCosto
</system-out>
  </testcase>
  <testcase classname="co.unicauca.tallerPolimorfismo.modelo.ViajeTest" name="testSetDestino" time="0.001">
    <error message="Cannot invoke &quot;co.unicauca.tallerPolimorfismo.modelo.Viaje.setDestino(String)&quot; because &quot;instance&quot; is null" type="java.lang.NullPointerException">java.lang.NullPointerException: Cannot invoke &quot;co.unicauca.tallerPolimorfismo.modelo.Viaje.setDestino(String)&quot; because &quot;instance&quot; is null
	at co.unicauca.tallerPolimorfismo.modelo.ViajeTest.testSetDestino(ViajeTest.java:75)
</error>
    <system-out>setDestino
</system-out>
  </testcase>
  <testcase classname="co.unicauca.tallerPolimorfismo.modelo.ViajeTest" name="testSetCosto" time="0.001">
    <error message="Cannot invoke &quot;co.unicauca.tallerPolimorfismo.modelo.Viaje.setCosto(int)&quot; because &quot;instance&quot; is null" type="java.lang.NullPointerException">java.lang.NullPointerException: Cannot invoke &quot;co.unicauca.tallerPolimorfismo.modelo.Viaje.setCosto(int)&quot; because &quot;instance&quot; is null
	at co.unicauca.tallerPolimorfismo.modelo.ViajeTest.testSetCosto(ViajeTest.java:100)
</error>
    <system-out>setCosto
</system-out>
  </testcase>
  <testcase classname="co.unicauca.tallerPolimorfismo.modelo.ViajeTest" name="testSetOrigen" time="0.001">
    <error message="Cannot invoke &quot;co.unicauca.tallerPolimorfismo.modelo.Viaje.setOrigen(String)&quot; because &quot;instance&quot; is null" type="java.lang.NullPointerException">java.lang.NullPointerException: Cannot invoke &quot;co.unicauca.tallerPolimorfismo.modelo.Viaje.setOrigen(String)&quot; because &quot;instance&quot; is null
	at co.unicauca.tallerPolimorfismo.modelo.ViajeTest.testSetOrigen(ViajeTest.java:50)
</error>
    <system-out>setOrigen
</system-out>
  </testcase>
  <testcase classname="co.unicauca.tallerPolimorfismo.modelo.ViajeTest" name="testCualquierMetodo" time="0.001">
    <error message="Cannot invoke &quot;co.unicauca.tallerPolimorfismo.modelo.Viaje.cualquierMetodo()&quot; because &quot;instance&quot; is null" type="java.lang.NullPointerException">java.lang.NullPointerException: Cannot invoke &quot;co.unicauca.tallerPolimorfismo.modelo.Viaje.cualquierMetodo()&quot; because &quot;instance&quot; is null
	at co.unicauca.tallerPolimorfismo.modelo.ViajeTest.testCualquierMetodo(ViajeTest.java:175)
</error>
    <system-out>cualquierMetodo
</system-out>
  </testcase>
  <testcase classname="co.unicauca.tallerPolimorfismo.modelo.ViajeTest" name="testSetFechaLlegada" time="0.001">
    <error message="Cannot invoke &quot;co.unicauca.tallerPolimorfismo.modelo.Viaje.setFechaLlegada(java.util.Date)&quot; because &quot;instance&quot; is null" type="java.lang.NullPointerException">java.lang.NullPointerException: Cannot invoke &quot;co.unicauca.tallerPolimorfismo.modelo.Viaje.setFechaLlegada(java.util.Date)&quot; because &quot;instance&quot; is null
	at co.unicauca.tallerPolimorfismo.modelo.ViajeTest.testSetFechaLlegada(ViajeTest.java:150)
</error>
    <system-out>setFechaLlegada
</system-out>
  </testcase>
  <testcase classname="co.unicauca.tallerPolimorfismo.modelo.ViajeTest" name="testCualquierMetodo2" time="0.001">
    <error message="Cannot invoke &quot;co.unicauca.tallerPolimorfismo.modelo.Viaje.cualquierMetodo2()&quot; because &quot;instance&quot; is null" type="java.lang.NullPointerException">java.lang.NullPointerException: Cannot invoke &quot;co.unicauca.tallerPolimorfismo.modelo.Viaje.cualquierMetodo2()&quot; because &quot;instance&quot; is null
	at co.unicauca.tallerPolimorfismo.modelo.ViajeTest.testCualquierMetodo2(ViajeTest.java:188)
</error>
    <system-out>cualquierMetodo2
</system-out>
  </testcase>
</testsuite>